<?xml version="1.0" encoding="UTF-8"?>
<!-- Generated by org.testng.reporters.JUnitReportReporter -->
<testsuite hostname="sys" name="com.testsuite.VerboseTest" tests="2" failures="0" timestamp="18 Aug 2020 06:23:22 GMT" time="113.727" errors="0">
  <testcase name="VerifySearchText" time="26.610" classname="com.testsuite.VerboseTest"/>
  <testcase name="googleTitle" time="87.117" classname="com.testsuite.VerboseTest"/>
</testsuite> <!-- com.testsuite.VerboseTest -->
