<?xml version="1.0" encoding="UTF-8"?>
<!-- Generated by org.testng.reporters.JUnitReportReporter -->
<testsuite hostname="sys" name="com.testsuite.ParametersInTestng" tests="1" failures="0" timestamp="18 Aug 2020 07:24:50 GMT" time="100.588" errors="0">
  <testcase name="LoginApp" time="100.588" classname="com.testsuite.ParametersInTestng"/>
</testsuite> <!-- com.testsuite.ParametersInTestng -->
