<?xml version="1.0" encoding="UTF-8"?>
<!-- Generated by org.testng.reporters.JUnitReportReporter -->
<testsuite hostname="sys" name="com.testsuite.Priority_Groups" tests="5" failures="0" timestamp="20 Aug 2020 06:56:02 GMT" time="157.393" errors="0">
  <testcase name="test1" time="17.746" classname="com.testsuite.Priority_Groups"/>
  <testcase name="test2" time="20.018" classname="com.testsuite.Priority_Groups"/>
  <testcase name="test3" time="74.005" classname="com.testsuite.Priority_Groups"/>
  <testcase name="test4" time="18.968" classname="com.testsuite.Priority_Groups"/>
  <testcase name="googleTitle" time="26.656" classname="com.testsuite.Priority_Groups"/>
</testsuite> <!-- com.testsuite.Priority_Groups -->
