<?xml version="1.0" encoding="UTF-8"?>
<!-- Generated by org.testng.reporters.JUnitReportReporter -->
<testsuite hostname="sys" name="com.testsuite.InvocationTest" tests="1" failures="0" timestamp="20 Aug 2020 06:55:59 GMT" time="0.006" errors="0">
  <testcase name="test" time="0.006" classname="com.testsuite.InvocationTest"/>
</testsuite> <!-- com.testsuite.InvocationTest -->
