<?xml version="1.0" encoding="UTF-8"?>
<!-- Generated by org.testng.reporters.JUnitReportReporter -->
<testsuite hostname="sys" name="com.testsuite.AssertionTest" tests="1" failures="0" timestamp="20 Aug 2020 06:56:01 GMT" time="19.131" errors="0">
  <testcase name="googleTitle" time="19.131" classname="com.testsuite.AssertionTest"/>
</testsuite> <!-- com.testsuite.AssertionTest -->
